2023-07-07 15:30:33,027 - INFO - Clicking element with XPath: //*[@class="ui-button ui-corner-all ui-widget ui-button-icon-only ui-dialog-titlebar-close"]
2023-07-07 15:30:33,340 - INFO - Click action successful
2023-07-07 15:30:33,370 - INFO - Clicking element with XPath: //*[@id="import_json"]
2023-07-07 15:30:33,370 - INFO - Clicking element with XPath: //*[@id="import_json"]
2023-07-07 15:30:33,429 - INFO - Click action successful
2023-07-07 15:30:33,429 - INFO - Click action successful
2023-07-07 15:30:33,430 - INFO - Loading XML file
2023-07-07 15:30:33,430 - INFO - Loading XML file
2023-07-07 15:30:33,430 - INFO - Loading XML file
2023-07-07 15:30:37,253 - INFO - Clicking element with XPath: /html/body/div[6]/div[1]/button
2023-07-07 15:30:37,253 - INFO - Clicking element with XPath: /html/body/div[6]/div[1]/button
2023-07-07 15:30:37,253 - INFO - Clicking element with XPath: /html/body/div[6]/div[1]/button
2023-07-07 15:30:37,310 - INFO - Click action successful
2023-07-07 15:30:37,310 - INFO - Click action successful
2023-07-07 15:30:37,310 - INFO - Click action successful
2023-07-07 15:30:37,313 - INFO - Clicking element with XPath: //*[@id="ui-id-13"]/label[1]
2023-07-07 15:30:37,313 - INFO - Clicking element with XPath: //*[@id="ui-id-13"]/label[1]
2023-07-07 15:30:37,313 - INFO - Clicking element with XPath: //*[@id="ui-id-13"]/label[1]
2023-07-07 15:30:37,365 - INFO - Click action successful
2023-07-07 15:30:37,365 - INFO - Click action successful
2023-07-07 15:30:37,365 - INFO - Click action successful
2023-07-07 15:30:37,368 - INFO - Clicking element with XPath: //*[@id="ui-id-13"]/label[1]
2023-07-07 15:30:37,368 - INFO - Clicking element with XPath: //*[@id="ui-id-13"]/label[1]
2023-07-07 15:30:37,368 - INFO - Clicking element with XPath: //*[@id="ui-id-13"]/label[1]
2023-07-07 15:30:37,409 - INFO - Click action successful
2023-07-07 15:30:37,409 - INFO - Click action successful
2023-07-07 15:30:37,409 - INFO - Click action successful
2023-07-07 15:30:37,412 - INFO - Exporting XML file
2023-07-07 15:30:37,412 - INFO - Exporting XML file
2023-07-07 15:30:37,412 - INFO - Exporting XML file
